This file contains any messages produced by compilers while
running configure, to aid debugging if configure makes a mistake.

It was created by configure, which was
generated by GNU Autoconf 2.67.  Invocation command line was

  $ ./configure 

## --------- ##
## Platform. ##
## --------- ##

hostname = YH-PC
uname -m = i686
uname -r = 3.13.0-35-generic
uname -s = Linux
uname -v = #62-Ubuntu SMP Fri Aug 15 01:58:01 UTC 2014

/usr/bin/uname -p = unknown
/bin/uname -X     = unknown

/bin/arch              = unknown
/usr/bin/arch -k       = unknown
/usr/convex/getsysinfo = unknown
/usr/bin/hostinfo      = unknown
/bin/machine           = unknown
/usr/bin/oslevel       = unknown
/bin/universe          = unknown

PATH: /usr/local/sbin
PATH: /usr/local/bin
PATH: /usr/sbin
PATH: /usr/bin
PATH: /sbin
PATH: /bin
PATH: /usr/games
PATH: /usr/local/games


## ----------- ##
## Core tests. ##
## ----------- ##

configure:2320: checking build system type
configure:2334: result: i686-pc-linux-gnu
configure:2354: checking host system type
configure:2367: result: i686-pc-linux-gnu
configure:2387: checking target system type
configure:2400: result: i686-pc-linux-gnu
configure:2443: checking for a BSD-compatible install
configure:2511: result: /usr/bin/install -c
configure:2522: checking whether build environment is sane
configure:2572: result: yes
configure:2713: checking for a thread-safe mkdir -p
configure:2752: result: /bin/mkdir -p
configure:2765: checking for gawk
configure:2795: result: no
configure:2765: checking for mawk
configure:2781: found /usr/bin/mawk
configure:2792: result: mawk
configure:2803: checking whether make sets $(MAKE)
configure:2825: result: yes
configure:2949: checking for style of include used by make
configure:2977: result: GNU
configure:3047: checking for gcc
configure:3063: found /usr/bin/gcc
configure:3074: result: gcc
configure:3303: checking for C compiler version
configure:3312: gcc --version >&5
gcc (Ubuntu 4.8.2-19ubuntu1) 4.8.2
Copyright (C) 2013 Free Software Foundation, Inc.
This is free software; see the source for copying conditions.  There is NO
warranty; not even for MERCHANTABILITY or FITNESS FOR A PARTICULAR PURPOSE.

configure:3323: $? = 0
configure:3312: gcc -v >&5
Using built-in specs.
COLLECT_GCC=gcc
COLLECT_LTO_WRAPPER=/usr/lib/gcc/i686-linux-gnu/4.8/lto-wrapper
Target: i686-linux-gnu
Configured with: ../src/configure -v --with-pkgversion='Ubuntu 4.8.2-19ubuntu1' --with-bugurl=file:///usr/share/doc/gcc-4.8/README.Bugs --enable-languages=c,c++,java,go,d,fortran,objc,obj-c++ --prefix=/usr --program-suffix=-4.8 --enable-shared --enable-linker-build-id --libexecdir=/usr/lib --without-included-gettext --enable-threads=posix --with-gxx-include-dir=/usr/include/c++/4.8 --libdir=/usr/lib --enable-nls --with-sysroot=/ --enable-clocale=gnu --enable-libstdcxx-debug --enable-libstdcxx-time=yes --enable-gnu-unique-object --disable-libmudflap --enable-plugin --with-system-zlib --disable-browser-plugin --enable-java-awt=gtk --enable-gtk-cairo --with-java-home=/usr/lib/jvm/java-1.5.0-gcj-4.8-i386/jre --enable-java-home --with-jvm-root-dir=/usr/lib/jvm/java-1.5.0-gcj-4.8-i386 --with-jvm-jar-dir=/usr/lib/jvm-exports/java-1.5.0-gcj-4.8-i386 --with-arch-directory=i386 --with-ecj-jar=/usr/share/java/eclipse-ecj.jar --enable-objc-gc --enable-targets=all --enable-multiarch --disable-werror --with-arch-32=i686 --with-multilib-list=m32,m64,mx32 --with-tune=generic --enable-checking=release --build=i686-linux-gnu --host=i686-linux-gnu --target=i686-linux-gnu
Thread model: posix
gcc version 4.8.2 (Ubuntu 4.8.2-19ubuntu1) 
configure:3323: $? = 0
configure:3312: gcc -V >&5
gcc: error: unrecognized command line option '-V'
gcc: fatal error: no input files
compilation terminated.
configure:3323: $? = 4
configure:3312: gcc -qversion >&5
gcc: error: unrecognized command line option '-qversion'
gcc: fatal error: no input files
compilation terminated.
configure:3323: $? = 4
configure:3343: checking whether the C compiler works
configure:3365: gcc    conftest.c  >&5
configure:3369: $? = 0
configure:3417: result: yes
configure:3420: checking for C compiler default output file name
configure:3422: result: a.out
configure:3428: checking for suffix of executables
configure:3435: gcc -o conftest    conftest.c  >&5
configure:3439: $? = 0
configure:3461: result: 
configure:3483: checking whether we are cross compiling
configure:3491: gcc -o conftest    conftest.c  >&5
configure:3495: $? = 0
configure:3502: ./conftest
configure:3506: $? = 0
configure:3521: result: no
configure:3526: checking for suffix of object files
configure:3548: gcc -c   conftest.c >&5
configure:3552: $? = 0
configure:3573: result: o
configure:3577: checking whether we are using the GNU C compiler
configure:3596: gcc -c   conftest.c >&5
configure:3596: $? = 0
configure:3605: result: yes
configure:3614: checking whether gcc accepts -g
configure:3634: gcc -c -g  conftest.c >&5
configure:3634: $? = 0
configure:3675: result: yes
configure:3692: checking for gcc option to accept ISO C89
configure:3756: gcc  -c -g -O2  conftest.c >&5
configure:3756: $? = 0
configure:3769: result: none needed
configure:3791: checking dependency style of gcc
configure:3901: result: gcc3
configure:3917: checking for an ANSI C-conforming const
configure:3982: gcc -c -g -O2  conftest.c >&5
configure:3982: $? = 0
configure:3989: result: yes
configure:3997: checking for inline
configure:4013: gcc -c -g -O2  conftest.c >&5
configure:4013: $? = 0
configure:4021: result: inline
configure:4044: checking how to run the C preprocessor
configure:4075: gcc -E  conftest.c
configure:4075: $? = 0
configure:4089: gcc -E  conftest.c
conftest.c:11:28: fatal error: ac_nonexistent.h: No such file or directory
 #include <ac_nonexistent.h>
                            ^
compilation terminated.
configure:4089: $? = 1
configure: failed program was:
| /* confdefs.h */
| #define PACKAGE_NAME ""
| #define PACKAGE_TARNAME ""
| #define PACKAGE_VERSION ""
| #define PACKAGE_STRING ""
| #define PACKAGE_BUGREPORT ""
| #define PACKAGE_URL ""
| #define PACKAGE "qrencode"
| #define VERSION "3.2.0"
| /* end confdefs.h.  */
| #include <ac_nonexistent.h>
configure:4114: result: gcc -E
configure:4134: gcc -E  conftest.c
configure:4134: $? = 0
configure:4148: gcc -E  conftest.c
conftest.c:11:28: fatal error: ac_nonexistent.h: No such file or directory
 #include <ac_nonexistent.h>
                            ^
compilation terminated.
configure:4148: $? = 1
configure: failed program was:
| /* confdefs.h */
| #define PACKAGE_NAME ""
| #define PACKAGE_TARNAME ""
| #define PACKAGE_VERSION ""
| #define PACKAGE_STRING ""
| #define PACKAGE_BUGREPORT ""
| #define PACKAGE_URL ""
| #define PACKAGE "qrencode"
| #define VERSION "3.2.0"
| /* end confdefs.h.  */
| #include <ac_nonexistent.h>
configure:4177: checking for grep that handles long lines and -e
configure:4235: result: /bin/grep
configure:4240: checking for egrep
configure:4302: result: /bin/grep -E
configure:4307: checking for ANSI C header files
configure:4327: gcc -c -g -O2  conftest.c >&5
configure:4327: $? = 0
configure:4400: gcc -o conftest -g -O2   conftest.c  >&5
configure:4400: $? = 0
configure:4400: ./conftest
configure:4400: $? = 0
configure:4411: result: yes
configure:4468: checking for gcc
configure:4495: result: gcc
configure:4724: checking for C compiler version
configure:4733: gcc --version >&5
gcc (Ubuntu 4.8.2-19ubuntu1) 4.8.2
Copyright (C) 2013 Free Software Foundation, Inc.
This is free software; see the source for copying conditions.  There is NO
warranty; not even for MERCHANTABILITY or FITNESS FOR A PARTICULAR PURPOSE.

configure:4744: $? = 0
configure:4733: gcc -v >&5
Using built-in specs.
COLLECT_GCC=gcc
COLLECT_LTO_WRAPPER=/usr/lib/gcc/i686-linux-gnu/4.8/lto-wrapper
Target: i686-linux-gnu
Configured with: ../src/configure -v --with-pkgversion='Ubuntu 4.8.2-19ubuntu1' --with-bugurl=file:///usr/share/doc/gcc-4.8/README.Bugs --enable-languages=c,c++,java,go,d,fortran,objc,obj-c++ --prefix=/usr --program-suffix=-4.8 --enable-shared --enable-linker-build-id --libexecdir=/usr/lib --without-included-gettext --enable-threads=posix --with-gxx-include-dir=/usr/include/c++/4.8 --libdir=/usr/lib --enable-nls --with-sysroot=/ --enable-clocale=gnu --enable-libstdcxx-debug --enable-libstdcxx-time=yes --enable-gnu-unique-object --disable-libmudflap --enable-plugin --with-system-zlib --disable-browser-plugin --enable-java-awt=gtk --enable-gtk-cairo --with-java-home=/usr/lib/jvm/java-1.5.0-gcj-4.8-i386/jre --enable-java-home --with-jvm-root-dir=/usr/lib/jvm/java-1.5.0-gcj-4.8-i386 --with-jvm-jar-dir=/usr/lib/jvm-exports/java-1.5.0-gcj-4.8-i386 --with-arch-directory=i386 --with-ecj-jar=/usr/share/java/eclipse-ecj.jar --enable-objc-gc --enable-targets=all --enable-multiarch --disable-werror --with-arch-32=i686 --with-multilib-list=m32,m64,mx32 --with-tune=generic --enable-checking=release --build=i686-linux-gnu --host=i686-linux-gnu --target=i686-linux-gnu
Thread model: posix
gcc version 4.8.2 (Ubuntu 4.8.2-19ubuntu1) 
configure:4744: $? = 0
configure:4733: gcc -V >&5
gcc: error: unrecognized command line option '-V'
gcc: fatal error: no input files
compilation terminated.
configure:4744: $? = 4
configure:4733: gcc -qversion >&5
gcc: error: unrecognized command line option '-qversion'
gcc: fatal error: no input files
compilation terminated.
configure:4744: $? = 4
configure:4748: checking whether we are using the GNU C compiler
configure:4776: result: yes
configure:4785: checking whether gcc accepts -g
configure:4846: result: yes
configure:4863: checking for gcc option to accept ISO C89
configure:4940: result: none needed
configure:4962: checking dependency style of gcc
configure:5072: result: gcc3
configure:5088: checking whether gcc and cc understand -c and -o together
configure:5119: gcc -c conftest.c -o conftest2.o >&5
configure:5123: $? = 0
configure:5129: gcc -c conftest.c -o conftest2.o >&5
configure:5133: $? = 0
configure:5144: cc -c conftest.c >&5
configure:5148: $? = 0
configure:5156: cc -c conftest.c -o conftest2.o >&5
configure:5160: $? = 0
configure:5166: cc -c conftest.c -o conftest2.o >&5
configure:5170: $? = 0
configure:5188: result: yes
configure:5239: checking for a sed that does not truncate output
configure:5303: result: /bin/sed
configure:5321: checking for fgrep
configure:5383: result: /bin/grep -F
configure:5418: checking for ld used by gcc
configure:5485: result: /usr/bin/ld
configure:5492: checking if the linker (/usr/bin/ld) is GNU ld
configure:5507: result: yes
configure:5519: checking for BSD- or MS-compatible name lister (nm)
configure:5568: result: /usr/bin/nm -B
configure:5686: checking the name lister (/usr/bin/nm -B) interface
configure:5693: gcc -c -g -O2  conftest.c >&5
configure:5696: /usr/bin/nm -B "conftest.o"
configure:5699: output
00000000 B some_variable
configure:5706: result: BSD nm
configure:5709: checking whether ln -s works
configure:5713: result: yes
configure:5721: checking the maximum length of command line arguments
configure:5841: result: 1572864
configure:5858: checking whether the shell understands some XSI constructs
configure:5868: result: yes
configure:5872: checking whether the shell understands "+="
configure:5878: result: yes
configure:5913: checking for /usr/bin/ld option to reload object files
configure:5920: result: -r
configure:5989: checking for objdump
configure:6005: found /usr/bin/objdump
configure:6016: result: objdump
configure:6048: checking how to recognize dependent libraries
configure:6244: result: pass_all
configure:6304: checking for ar
configure:6320: found /usr/bin/ar
configure:6331: result: ar
configure:6409: checking for strip
configure:6425: found /usr/bin/strip
configure:6436: result: strip
configure:6508: checking for ranlib
configure:6524: found /usr/bin/ranlib
configure:6535: result: ranlib
configure:6625: checking command to parse /usr/bin/nm -B output from gcc object
configure:6743: gcc -c -g -O2  conftest.c >&5
configure:6746: $? = 0
configure:6750: /usr/bin/nm -B conftest.o \| sed -n -e 's/^.*[	 ]\([ABCDGIRSTW][ABCDGIRSTW]*\)[	 ][	 ]*\([_A-Za-z][_A-Za-z0-9]*\)$/\1 \2 \2/p' \> conftest.nm
configure:6753: $? = 0
configure:6807: gcc -o conftest -g -O2   conftest.c conftstm.o >&5
configure:6810: $? = 0
configure:6848: result: ok
configure:7656: checking for sys/types.h
configure:7656: gcc -c -g -O2  conftest.c >&5
configure:7656: $? = 0
configure:7656: result: yes
configure:7656: checking for sys/stat.h
configure:7656: gcc -c -g -O2  conftest.c >&5
configure:7656: $? = 0
configure:7656: result: yes
configure:7656: checking for stdlib.h
configure:7656: gcc -c -g -O2  conftest.c >&5
configure:7656: $? = 0
configure:7656: result: yes
configure:7656: checking for string.h
configure:7656: gcc -c -g -O2  conftest.c >&5
configure:7656: $? = 0
configure:7656: result: yes
configure:7656: checking for memory.h
configure:7656: gcc -c -g -O2  conftest.c >&5
configure:7656: $? = 0
configure:7656: result: yes
configure:7656: checking for strings.h
configure:7656: gcc -c -g -O2  conftest.c >&5
configure:7656: $? = 0
configure:7656: result: yes
configure:7656: checking for inttypes.h
configure:7656: gcc -c -g -O2  conftest.c >&5
configure:7656: $? = 0
configure:7656: result: yes
configure:7656: checking for stdint.h
configure:7656: gcc -c -g -O2  conftest.c >&5
configure:7656: $? = 0
configure:7656: result: yes
configure:7656: checking for unistd.h
configure:7656: gcc -c -g -O2  conftest.c >&5
configure:7656: $? = 0
configure:7656: result: yes
configure:7670: checking for dlfcn.h
configure:7670: gcc -c -g -O2  conftest.c >&5
configure:7670: $? = 0
configure:7670: result: yes
configure:7824: checking for objdir
configure:7839: result: .libs
configure:8131: checking if gcc supports -fno-rtti -fno-exceptions
configure:8149: gcc -c -g -O2  -fno-rtti -fno-exceptions conftest.c >&5
cc1: warning: command line option '-fno-rtti' is valid for C++/ObjC++ but not for C [enabled by default]
configure:8153: $? = 0
configure:8166: result: no
configure:8186: checking for gcc option to produce PIC
configure:8458: result: -fPIC -DPIC
configure:8470: checking if gcc PIC flag -fPIC -DPIC works
configure:8488: gcc -c -g -O2  -fPIC -DPIC -DPIC conftest.c >&5
configure:8492: $? = 0
configure:8505: result: yes
configure:8529: checking if gcc static flag -static works
configure:8557: result: yes
configure:8572: checking if gcc supports -c -o file.o
configure:8593: gcc -c -g -O2  -o out/conftest2.o conftest.c >&5
configure:8597: $? = 0
configure:8619: result: yes
configure:8627: checking if gcc supports -c -o file.o
configure:8674: result: yes
configure:8707: checking whether the gcc linker (/usr/bin/ld) supports shared libraries
configure:9698: result: yes
configure:9735: checking whether -lc should be explicitly linked in
configure:9740: gcc -c -g -O2  conftest.c >&5
configure:9743: $? = 0
configure:9758: gcc -shared conftest.o  -v -Wl,-soname -Wl,conftest -o conftest 2\>\&1 \| /bin/grep  -lc  \>/dev/null 2\>\&1
configure:9761: $? = 0
configure:9773: result: no
configure:9937: checking dynamic linker characteristics
configure:10370: gcc -o conftest -g -O2   -Wl,-rpath -Wl,/foo conftest.c  >&5
configure:10370: $? = 0
configure:10600: result: GNU/Linux ld.so
configure:10702: checking how to hardcode library paths into programs
configure:10727: result: immediate
configure:11247: checking whether stripping libraries is possible
configure:11252: result: yes
configure:11287: checking if libtool supports shared libraries
configure:11289: result: yes
configure:11292: checking whether to build shared libraries
configure:11313: result: yes
configure:11316: checking whether to build static libraries
configure:11320: result: no
configure:11398: checking for ranlib
configure:11425: result: ranlib
configure:11500: checking for pkg-config
configure:11518: found /usr/bin/pkg-config
configure:11530: result: /usr/bin/pkg-config
configure:11555: checking pkg-config is at least version 0.9.0
configure:11558: result: yes
configure:11572: checking for strdup
configure:11572: gcc -o conftest -g -O2   conftest.c  >&5
conftest.c:46:6: warning: conflicting types for built-in function 'strdup' [enabled by default]
 char strdup ();
      ^
configure:11572: $? = 0
configure:11572: result: yes
configure:11591: checking for pthread_mutex_init in -lpthread
configure:11616: gcc -o conftest -g -O2   conftest.c -lpthread   >&5
configure:11616: $? = 0
configure:11625: result: yes
configure:11667: checking for png
configure:11674: $PKG_CONFIG --exists --print-errors ""libpng""
configure:11677: $? = 0
configure:11690: $PKG_CONFIG --exists --print-errors ""libpng""
configure:11693: $? = 0
configure:11750: result: yes
configure:13152: creating ./config.status

## ---------------------- ##
## Running config.status. ##
## ---------------------- ##

This file was extended by config.status, which was
generated by GNU Autoconf 2.67.  Invocation command line was

  CONFIG_FILES    = 
  CONFIG_HEADERS  = 
  CONFIG_LINKS    = 
  CONFIG_COMMANDS = 
  $ ./config.status 

on YH-PC

config.status:1100: creating Makefile
config.status:1100: creating libqrencode.pc
config.status:1100: creating tests/Makefile
config.status:1100: creating qrencode.spec
config.status:1100: creating qrencode.1
config.status:1100: creating config.h
config.status:1328: executing depfiles commands
config.status:1328: executing libtool commands

## ---------------- ##
## Cache variables. ##
## ---------------- ##

ac_cv_build=i686-pc-linux-gnu
ac_cv_c_compiler_gnu=yes
ac_cv_c_const=yes
ac_cv_c_inline=inline
ac_cv_env_CC_set=
ac_cv_env_CC_value=
ac_cv_env_CFLAGS_set=
ac_cv_env_CFLAGS_value=
ac_cv_env_CPPFLAGS_set=
ac_cv_env_CPPFLAGS_value=
ac_cv_env_CPP_set=
ac_cv_env_CPP_value=
ac_cv_env_LDFLAGS_set=
ac_cv_env_LDFLAGS_value=
ac_cv_env_LIBS_set=
ac_cv_env_LIBS_value=
ac_cv_env_PKG_CONFIG_LIBDIR_set=
ac_cv_env_PKG_CONFIG_LIBDIR_value=
ac_cv_env_PKG_CONFIG_PATH_set=
ac_cv_env_PKG_CONFIG_PATH_value=
ac_cv_env_PKG_CONFIG_set=
ac_cv_env_PKG_CONFIG_value=
ac_cv_env_build_alias_set=
ac_cv_env_build_alias_value=
ac_cv_env_host_alias_set=
ac_cv_env_host_alias_value=
ac_cv_env_png_CFLAGS_set=
ac_cv_env_png_CFLAGS_value=
ac_cv_env_png_LIBS_set=
ac_cv_env_png_LIBS_value=
ac_cv_env_target_alias_set=
ac_cv_env_target_alias_value=
ac_cv_func_strdup=yes
ac_cv_header_dlfcn_h=yes
ac_cv_header_inttypes_h=yes
ac_cv_header_memory_h=yes
ac_cv_header_stdc=yes
ac_cv_header_stdint_h=yes
ac_cv_header_stdlib_h=yes
ac_cv_header_string_h=yes
ac_cv_header_strings_h=yes
ac_cv_header_sys_stat_h=yes
ac_cv_header_sys_types_h=yes
ac_cv_header_unistd_h=yes
ac_cv_host=i686-pc-linux-gnu
ac_cv_lib_pthread_pthread_mutex_init=yes
ac_cv_objext=o
ac_cv_path_EGREP='/bin/grep -E'
ac_cv_path_FGREP='/bin/grep -F'
ac_cv_path_GREP=/bin/grep
ac_cv_path_SED=/bin/sed
ac_cv_path_ac_pt_PKG_CONFIG=/usr/bin/pkg-config
ac_cv_path_install='/usr/bin/install -c'
ac_cv_path_mkdir=/bin/mkdir
ac_cv_prog_AWK=mawk
ac_cv_prog_CPP='gcc -E'
ac_cv_prog_ac_ct_AR=ar
ac_cv_prog_ac_ct_CC=gcc
ac_cv_prog_ac_ct_OBJDUMP=objdump
ac_cv_prog_ac_ct_RANLIB=ranlib
ac_cv_prog_ac_ct_STRIP=strip
ac_cv_prog_cc_c89=
ac_cv_prog_cc_g=yes
ac_cv_prog_cc_gcc_c_o=yes
ac_cv_prog_make_make_set=yes
ac_cv_target=i686-pc-linux-gnu
am_cv_CC_dependencies_compiler_type=gcc3
lt_cv_deplibs_check_method=pass_all
lt_cv_file_magic_cmd='$MAGIC_CMD'
lt_cv_file_magic_test_file=
lt_cv_ld_reload_flag=-r
lt_cv_nm_interface='BSD nm'
lt_cv_objdir=.libs
lt_cv_path_LD=/usr/bin/ld
lt_cv_path_NM='/usr/bin/nm -B'
lt_cv_prog_compiler_c_o=yes
lt_cv_prog_compiler_pic_works=yes
lt_cv_prog_compiler_rtti_exceptions=no
lt_cv_prog_compiler_static_works=yes
lt_cv_prog_gnu_ld=yes
lt_cv_sys_global_symbol_pipe='sed -n -e '\''s/^.*[	 ]\([ABCDGIRSTW][ABCDGIRSTW]*\)[	 ][	 ]*\([_A-Za-z][_A-Za-z0-9]*\)$/\1 \2 \2/p'\'''
lt_cv_sys_global_symbol_to_c_name_address='sed -n -e '\''s/^: \([^ ]*\) $/  {\"\1\", (void *) 0},/p'\'' -e '\''s/^[ABCDGIRSTW]* \([^ ]*\) \([^ ]*\)$/  {"\2", (void *) \&\2},/p'\'''
lt_cv_sys_global_symbol_to_c_name_address_lib_prefix='sed -n -e '\''s/^: \([^ ]*\) $/  {\"\1\", (void *) 0},/p'\'' -e '\''s/^[ABCDGIRSTW]* \([^ ]*\) \(lib[^ ]*\)$/  {"\2", (void *) \&\2},/p'\'' -e '\''s/^[ABCDGIRSTW]* \([^ ]*\) \([^ ]*\)$/  {"lib\2", (void *) \&\2},/p'\'''
lt_cv_sys_global_symbol_to_cdecl='sed -n -e '\''s/^T .* \(.*\)$/extern int \1();/p'\'' -e '\''s/^[ABCDGIRSTW]* .* \(.*\)$/extern char \1;/p'\'''
lt_cv_sys_max_cmd_len=1572864
pkg_cv_png_CFLAGS='-I/usr/local/include/libpng12  '
pkg_cv_png_LIBS='-L/usr/local/lib -lpng12  '

## ----------------- ##
## Output variables. ##
## ----------------- ##

ACLOCAL='${SHELL} /home/linux/face/QR-ENCODE-3.2/use/missing --run aclocal-1.11'
AMDEPBACKSLASH='\'
AMDEP_FALSE='#'
AMDEP_TRUE=''
AMTAR='${SHELL} /home/linux/face/QR-ENCODE-3.2/use/missing --run tar'
AR='ar'
AUTOCONF='${SHELL} /home/linux/face/QR-ENCODE-3.2/use/missing --run autoconf'
AUTOHEADER='${SHELL} /home/linux/face/QR-ENCODE-3.2/use/missing --run autoheader'
AUTOMAKE='${SHELL} /home/linux/face/QR-ENCODE-3.2/use/missing --run automake-1.11'
AWK='mawk'
BUILD_TESTS_FALSE=''
BUILD_TESTS_TRUE='#'
BUILD_TOOLS_FALSE='#'
BUILD_TOOLS_TRUE=''
CC='gcc'
CCDEPMODE='depmode=gcc3'
CFLAGS='-Wall -g -O2'
CPP='gcc -E'
CPPFLAGS=''
CYGPATH_W='echo'
DEFS='-DHAVE_CONFIG_H'
DEPDIR='.deps'
DSYMUTIL=''
DUMPBIN=''
ECHO_C=''
ECHO_N='-n'
ECHO_T=''
EGREP='/bin/grep -E'
EXEEXT=''
FGREP='/bin/grep -F'
GREP='/bin/grep'
HAVE_LIBPTHREAD_FALSE=''
HAVE_LIBPTHREAD_TRUE='#'
HAVE_SDL_FALSE=''
HAVE_SDL_TRUE='#'
INSTALL_DATA='${INSTALL} -m 644'
INSTALL_PROGRAM='${INSTALL}'
INSTALL_SCRIPT='${INSTALL}'
INSTALL_STRIP_PROGRAM='$(install_sh) -c -s'
LD='/usr/bin/ld'
LDFLAGS=''
LIBICONV=''
LIBOBJS=''
LIBS='-lpthread '
LIBTOOL='$(SHELL) $(top_builddir)/libtool'
LIPO=''
LN_S='ln -s'
LTLIBICONV=''
LTLIBOBJS=''
MAJOR_VERSION='3'
MAKEINFO='${SHELL} /home/linux/face/QR-ENCODE-3.2/use/missing --run makeinfo'
MICRO_VERSION='0'
MINOR_VERSION='2'
MKDIR_P='/bin/mkdir -p'
NM='/usr/bin/nm -B'
NMEDIT=''
OBJDUMP='objdump'
OBJEXT='o'
OTOOL64=''
OTOOL=''
PACKAGE='qrencode'
PACKAGE_BUGREPORT=''
PACKAGE_NAME=''
PACKAGE_STRING=''
PACKAGE_TARNAME=''
PACKAGE_URL=''
PACKAGE_VERSION=''
PATH_SEPARATOR=':'
PKG_CONFIG='/usr/bin/pkg-config'
PKG_CONFIG_LIBDIR=''
PKG_CONFIG_PATH=''
RANLIB='ranlib'
SDL_CFLAGS=''
SDL_CONFIG=''
SDL_LIBS=''
SED='/bin/sed'
SET_MAKE=''
SHELL='/bin/bash'
STRIP='strip'
VERSION='3.2.0'
ac_ct_CC='gcc'
ac_ct_DUMPBIN=''
am__EXEEXT_FALSE=''
am__EXEEXT_TRUE='#'
am__fastdepCC_FALSE='#'
am__fastdepCC_TRUE=''
am__include='include'
am__isrc=''
am__leading_dot='.'
am__quote=''
am__tar='${AMTAR} chof - "$$tardir"'
am__untar='${AMTAR} xf -'
bindir='${exec_prefix}/bin'
build='i686-pc-linux-gnu'
build_alias=''
build_cpu='i686'
build_os='linux-gnu'
build_vendor='pc'
datadir='${datarootdir}'
datarootdir='${prefix}/share'
docdir='${datarootdir}/doc/${PACKAGE}'
dvidir='${docdir}'
exec_prefix='${prefix}'
host='i686-pc-linux-gnu'
host_alias=''
host_cpu='i686'
host_os='linux-gnu'
host_vendor='pc'
htmldir='${docdir}'
includedir='${prefix}/include'
infodir='${datarootdir}/info'
install_sh='${SHELL} /home/linux/face/QR-ENCODE-3.2/use/install-sh'
libdir='${exec_prefix}/lib'
libexecdir='${exec_prefix}/libexec'
localedir='${datarootdir}/locale'
localstatedir='${prefix}/var'
lt_ECHO='echo'
mandir='${datarootdir}/man'
mkdir_p='/bin/mkdir -p'
oldincludedir='/usr/include'
pdfdir='${docdir}'
png_CFLAGS='-I/usr/local/include/libpng12  '
png_LIBS='-L/usr/local/lib -lpng12  '
prefix='/usr/local'
program_transform_name='s,x,x,'
psdir='${docdir}'
sbindir='${exec_prefix}/sbin'
sharedstatedir='${prefix}/com'
sysconfdir='${prefix}/etc'
target='i686-pc-linux-gnu'
target_alias=''
target_cpu='i686'
target_os='linux-gnu'
target_vendor='pc'

## ----------- ##
## confdefs.h. ##
## ----------- ##

/* confdefs.h */
#define PACKAGE_NAME ""
#define PACKAGE_TARNAME ""
#define PACKAGE_VERSION ""
#define PACKAGE_STRING ""
#define PACKAGE_BUGREPORT ""
#define PACKAGE_URL ""
#define PACKAGE "qrencode"
#define VERSION "3.2.0"
#define STDC_HEADERS 1
#define HAVE_SYS_TYPES_H 1
#define HAVE_SYS_STAT_H 1
#define HAVE_STDLIB_H 1
#define HAVE_STRING_H 1
#define HAVE_MEMORY_H 1
#define HAVE_STRINGS_H 1
#define HAVE_INTTYPES_H 1
#define HAVE_STDINT_H 1
#define HAVE_UNISTD_H 1
#define HAVE_DLFCN_H 1
#define LT_OBJDIR ".libs/"
#define HAVE_STRDUP 1
#define HAVE_LIBPTHREAD 1
#define __STATIC static
/* #undef WITH_TESTS */

configure: exit 0
